<?xml version="1.0" encoding="UTF-8"?>
<!-- Generated by org.testng.reporters.JUnitReportReporter -->
<testsuite skipped="0" hostname="Andrews-MacBook-Pro.local" name="com.revature.testng.MercuryDriver" tests="1" failures="0" timestamp="30 Jul 2018 05:57:25 GMT" time="5.281" errors="0">
  <testcase name="loginToMercury" time="5.281" classname="com.revature.testng.MercuryDriver"/>
</testsuite> <!-- com.revature.testng.MercuryDriver -->
