<?xml version="1.0" encoding="UTF-8"?>
<!-- Generated by org.testng.reporters.JUnitReportReporter -->
<testsuite skipped="1" hostname="Andrews-MacBook-Pro.local" name="com.revature.testng.NewTest" tests="3" failures="0" timestamp="27 Jul 2018 19:42:27 GMT" time="0.001" errors="0">
  <testcase name="f" time="0.001" classname="com.revature.testng.NewTest"/>
  <testcase name="h" time="0.000" classname="com.revature.testng.NewTest"/>
  <testcase name="g" classname="com.revature.testng.NewTest">
    <skipped/>
  </testcase> <!-- g -->
</testsuite> <!-- com.revature.testng.NewTest -->
